0 info it worked if it ends with ok
1 verbose cli [ 'node', '/usr/local/bin/npm', 'install', 'socket.io', '--save' ]
2 info using npm@1.4.16
3 info using node@v0.10.33
4 verbose readDependencies using package.json deps
5 verbose cache add [ 'socket.io', null ]
6 verbose cache add name=undefined spec="socket.io" args=["socket.io",null]
7 verbose parsed url { protocol: null,
7 verbose parsed url   slashes: null,
7 verbose parsed url   auth: null,
7 verbose parsed url   host: null,
7 verbose parsed url   port: null,
7 verbose parsed url   hostname: null,
7 verbose parsed url   hash: null,
7 verbose parsed url   search: null,
7 verbose parsed url   query: null,
7 verbose parsed url   pathname: 'socket.io',
7 verbose parsed url   path: 'socket.io',
7 verbose parsed url   href: 'socket.io' }
8 silly lockFile 71475bfd-socket-io socket.io
9 verbose lock socket.io /Users/dadhanir/.npm/71475bfd-socket-io.lock
10 silly lockFile 71475bfd-socket-io socket.io
11 silly lockFile 71475bfd-socket-io socket.io
12 verbose addNamed [ 'socket.io', '' ]
13 verbose addNamed [ null, '*' ]
14 silly lockFile c03de861-socket-io socket.io@
15 verbose lock socket.io@ /Users/dadhanir/.npm/c03de861-socket-io.lock
16 silly addNameRange { name: 'socket.io', range: '*', hasData: false }
17 verbose request where is /artifactory/api/npm/npm-repo/socket.io
18 verbose request registry http://artifactory.cobalt.com/
19 verbose request id 52942617aff9a7b9
20 verbose url raw /artifactory/api/npm/npm-repo/socket.io
21 verbose url resolving [ 'http://artifactory.cobalt.com/',
21 verbose url resolving   './artifactory/api/npm/npm-repo/socket.io' ]
22 verbose url resolved http://artifactory.cobalt.com/artifactory/api/npm/npm-repo/socket.io
23 verbose request where is http://artifactory.cobalt.com/artifactory/api/npm/npm-repo/socket.io
24 info trying registry request attempt 1 at 12:40:27
25 verbose etag a737b05f6a1ee33bf907423b38066db4933bcf13
26 http GET http://artifactory.cobalt.com/artifactory/api/npm/npm-repo/socket.io
27 http 304 http://artifactory.cobalt.com/artifactory/api/npm/npm-repo/socket.io
28 silly registry.get cb [ 304,
28 silly registry.get   { server: 'Artifactory/3.7.0',
28 silly registry.get     'x-artifactory-id': '3556ae45e7f24ad2:-37ba652d:14e730dea94:-8000',
28 silly registry.get     date: 'Sat, 11 Jul 2015 07:05:39 GMT' } ]
29 verbose etag http://artifactory.cobalt.com/artifactory/api/npm/npm-repo/socket.io from cache
30 silly addNameRange number 2 { name: 'socket.io', range: '*', hasData: true }
31 silly addNameRange versions [ 'socket.io',
31 silly addNameRange   [ '0.6.0',
31 silly addNameRange     '1.0.0-pre4',
31 silly addNameRange     '0.6.1',
31 silly addNameRange     '1.0.0-pre3',
31 silly addNameRange     '0.4.0',
31 silly addNameRange     '0.4.1',
31 silly addNameRange     '1.0.0-pre5',
31 silly addNameRange     '0.6.4',
31 silly addNameRange     '0.8.2',
31 silly addNameRange     '0.6.5',
31 silly addNameRange     '0.8.3',
31 silly addNameRange     '0.8.0',
31 silly addNameRange     '0.6.3',
31 silly addNameRange     '0.8.1',
31 silly addNameRange     '1.0.0-pre2',
31 silly addNameRange     '1.3.0',
31 silly addNameRange     '1.3.1',
31 silly addNameRange     '1.3.2',
31 silly addNameRange     '1.3.3',
31 silly addNameRange     '1.3.4',
31 silly addNameRange     '1.3.5',
31 silly addNameRange     '0.7.7',
31 silly addNameRange     '0.9.5',
31 silly addNameRange     '0.7.8',
31 silly addNameRange     '0.9.6',
31 silly addNameRange     '0.7.5',
31 silly addNameRange     '0.9.3',
31 silly addNameRange     '0.7.6',
31 silly addNameRange     '0.9.4',
31 silly addNameRange     '0.9.9',
31 silly addNameRange     '0.7.9',
31 silly addNameRange     '0.7.10',
31 silly addNameRange     '0.9.7',
31 silly addNameRange     '1.1.0',
31 silly addNameRange     '0.7.11',
31 silly addNameRange     '0.9.8',
31 silly addNameRange     '0.5.1',
31 silly addNameRange     '0.9.1-1',
31 silly addNameRange     '0.7.0',
31 silly addNameRange     '0.7.3',
31 silly addNameRange     '0.9.1',
31 silly addNameRange     '0.3.8',
31 silly addNameRange     '0.7.4',
31 silly addNameRange     '0.9.2',
31 silly addNameRange     '0.5.3',
31 silly addNameRange     '0.7.1',
31 silly addNameRange     '0.7.2',
31 silly addNameRange     '0.9.0',
31 silly addNameRange     '0.6.15',
31 silly addNameRange     '0.6.16',
31 silly addNameRange     '0.6.14',
31 silly addNameRange     '0.6.17',
31 silly addNameRange     '0.6.18',
31 silly addNameRange     '0.6.11',
31 silly addNameRange     '0.6.12',
31 silly addNameRange     '0.6.10',
31 silly addNameRange     '1.0.3',
31 silly addNameRange     '1.2.1',
31 silly addNameRange     '1.0.4',
31 silly addNameRange     '0.9.17',
31 silly addNameRange     '1.0.5',
31 silly addNameRange     '0.9.16',
31 silly addNameRange     '1.0.6',
31 silly addNameRange     '0.6.8',
31 silly addNameRange     '0.8.6',
31 silly addNameRange     '0.9.11',
31 silly addNameRange     '1.0.0-pre',
31 silly addNameRange     '0.6.9',
31 silly addNameRange     '0.8.7',
31 silly addNameRange     '0.9.10',
31 silly addNameRange     '0.6.6',
31 silly addNameRange     '0.8.4',
31 silly addNameRange     '0.6.7',
31 silly addNameRange     '0.8.5',
31 silly addNameRange     '0.9.15',
31 silly addNameRange     '0.9.14',
31 silly addNameRange     '1.0.0',
31 silly addNameRange     '0.9.13',
31 silly addNameRange     '1.0.1',
31 silly addNameRange     '0.9.12',
31 silly addNameRange     '1.0.2',
31 silly addNameRange     '1.2.0' ] ]
32 verbose addNamed [ 'socket.io', '1.3.5' ]
33 verbose addNamed [ '1.3.5', '1.3.5' ]
34 silly lockFile e27f34ff-socket-io-1-3-5 socket.io@1.3.5
35 verbose lock socket.io@1.3.5 /Users/dadhanir/.npm/e27f34ff-socket-io-1-3-5.lock
36 silly lockFile 58f1699c-po-socket-io-socket-io-1-3-5-tgz http://artifactory.cobalt.com/artifactory/api/npm/npm-repo/socket.io/-/socket.io-1.3.5.tgz
37 verbose lock http://artifactory.cobalt.com/artifactory/api/npm/npm-repo/socket.io/-/socket.io-1.3.5.tgz /Users/dadhanir/.npm/58f1699c-po-socket-io-socket-io-1-3-5-tgz.lock
38 verbose addRemoteTarball [ 'http://artifactory.cobalt.com/artifactory/api/npm/npm-repo/socket.io/-/socket.io-1.3.5.tgz',
38 verbose addRemoteTarball   'bfd609f37626889e94df9d3526db79a84255f1d8' ]
39 info retry fetch attempt 1 at 12:40:27
40 verbose fetch to= /var/folders/76/rr6686011l34bcrh9mgp7ymwwv30rs/T/npm-3010-S7oNY6E2/artifactory.cobalt.com/artifactory/api/npm/npm-repo/socket.io/-/socket.io-1.3.5.tgz
41 http GET http://artifactory.cobalt.com/artifactory/api/npm/npm-repo/socket.io/-/socket.io-1.3.5.tgz
42 http 200 http://artifactory.cobalt.com/artifactory/api/npm/npm-repo/socket.io/-/socket.io-1.3.5.tgz
43 silly lockFile 58f1699c-po-socket-io-socket-io-1-3-5-tgz http://artifactory.cobalt.com/artifactory/api/npm/npm-repo/socket.io/-/socket.io-1.3.5.tgz
44 silly lockFile 58f1699c-po-socket-io-socket-io-1-3-5-tgz http://artifactory.cobalt.com/artifactory/api/npm/npm-repo/socket.io/-/socket.io-1.3.5.tgz
45 silly lockFile e27f34ff-socket-io-1-3-5 socket.io@1.3.5
46 silly lockFile e27f34ff-socket-io-1-3-5 socket.io@1.3.5
47 silly lockFile c03de861-socket-io socket.io@
48 silly lockFile c03de861-socket-io socket.io@
49 error Error: EACCES, mkdir '/Users/dadhanir/.npm/socket.io/1.3.5'
49 error  { [Error: EACCES, mkdir '/Users/dadhanir/.npm/socket.io/1.3.5']
49 error   errno: 3,
49 error   code: 'EACCES',
49 error   path: '/Users/dadhanir/.npm/socket.io/1.3.5',
49 error   parent: '08-BugTracker' }
50 error Please try running this command again as root/Administrator.
51 error System Darwin 13.4.0
52 error command "node" "/usr/local/bin/npm" "install" "socket.io" "--save"
53 error cwd /Users/dadhanir/Node.js Training/Day-3/03-BugTracker
54 error node -v v0.10.33
55 error npm -v 1.4.16
56 error path /Users/dadhanir/.npm/socket.io/1.3.5
57 error code EACCES
58 error errno 3
59 error stack Error: EACCES, mkdir '/Users/dadhanir/.npm/socket.io/1.3.5'
60 verbose exit [ 3, true ]
